<?xml version="1.0" encoding="UTF-8" ?>
<testsuite errors="2" failures="1" hostname="Lucas" name="sgvpb_project.ClientOrderControllerSpec" tests="7" time="6.523" timestamp="2014-10-14T19:25:31">
  <properties />
  <testcase classname="sgvpb_project.ClientOrderControllerSpec" name="Test the index action returns the correct model" time="5.449" />
  <testcase classname="sgvpb_project.ClientOrderControllerSpec" name="Test the create action returns the correct model" time="0.158" />
  <testcase classname="sgvpb_project.ClientOrderControllerSpec" name="Test the save action correctly persists an instance" time="0.59">
    <error message="Cannot redirect for object [null] it is not a domain or has no identifier. Use an explicit redirect instead " type="org.codehaus.groovy.grails.web.servlet.mvc.exceptions.CannotRedirectException">org.codehaus.groovy.grails.web.servlet.mvc.exceptions.CannotRedirectException: Cannot redirect for object [null] it is not a domain or has no identifier. Use an explicit redirect instead 
	at org.grails.plugins.web.rest.api.ControllersRestApi.redirect(ControllersRestApi.groovy:53)
	at sgvpb_project.ClientOrderController.tt__save_closure9_closure14(ClientOrderController.groovy:43)
	at sgvpb_project.ClientOrderController.$tt__save(ClientOrderController.groovy:40)
	at sgvpb_project.ClientOrderControllerSpec.Test the save action correctly persists an instance(ClientOrderControllerSpec.groovy:54)
</error>
  </testcase>
  <testcase classname="sgvpb_project.ClientOrderControllerSpec" name="Test that the show action returns the correct model" time="0.035" />
  <testcase classname="sgvpb_project.ClientOrderControllerSpec" name="Test that the edit action returns the correct model" time="0.032" />
  <testcase classname="sgvpb_project.ClientOrderControllerSpec" name="Test the update action performs an update on a valid domain instance" time="0.109">
    <error message="Cannot get property &apos;id&apos; on null object" type="java.lang.NullPointerException">java.lang.NullPointerException: Cannot get property &apos;id&apos; on null object
	at sgvpb_project.ClientOrderControllerSpec.Test the update action performs an update on a valid domain instance(ClientOrderControllerSpec.groovy:122)
</error>
  </testcase>
  <testcase classname="sgvpb_project.ClientOrderControllerSpec" name="Test that the delete action deletes an instance if it exists" time="0.065">
    <failure message="Condition not satisfied:&#xa;&#xa;ClientOrder.count() == 1&#xa;            |       |&#xa;            0       false&#xa;" type="junit.framework.AssertionFailedError">junit.framework.AssertionFailedError: Condition not satisfied:

ClientOrder.count() == 1
            |       |
            0       false

	at sgvpb_project.ClientOrderControllerSpec.Test that the delete action deletes an instance if it exists(ClientOrderControllerSpec.groovy:142)
</failure>
  </testcase>
  <system-out><![CDATA[--Output from Test the index action returns the correct model--
--Output from Test the create action returns the correct model--
--Output from Test the save action correctly persists an instance--
--Output from Test that the show action returns the correct model--
--Output from Test that the edit action returns the correct model--
--Output from Test the update action performs an update on a valid domain instance--
--Output from Test that the delete action deletes an instance if it exists--
]]></system-out>
  <system-err><![CDATA[--Output from Test the index action returns the correct model--
--Output from Test the create action returns the correct model--
--Output from Test the save action correctly persists an instance--
--Output from Test that the show action returns the correct model--
--Output from Test that the edit action returns the correct model--
--Output from Test the update action performs an update on a valid domain instance--
--Output from Test that the delete action deletes an instance if it exists--
]]></system-err>
</testsuite>
