<?xml version="1.0" encoding="UTF-8" ?>
<testsuite errors="0" failures="2" hostname="Lucas" name="sgvpb_project.StockHistoryControllerSpec" tests="7" time="0.759" timestamp="2014-10-14T19:25:40">
  <properties />
  <testcase classname="sgvpb_project.StockHistoryControllerSpec" name="Test the index action returns the correct model" time="0.317" />
  <testcase classname="sgvpb_project.StockHistoryControllerSpec" name="Test the create action returns the correct model" time="0.028" />
  <testcase classname="sgvpb_project.StockHistoryControllerSpec" name="Test the save action correctly persists an instance" time="0.107">
    <failure message="Condition not satisfied:&#xa;&#xa;model.stockHistoryInstance!= null&#xa;|     |                   |&#xa;[:]   null                false&#xa;" type="junit.framework.AssertionFailedError">junit.framework.AssertionFailedError: Condition not satisfied:

model.stockHistoryInstance!= null
|     |                   |
[:]   null                false

	at sgvpb_project.StockHistoryControllerSpec.Test the save action correctly persists an instance(StockHistoryControllerSpec.groovy:46)
</failure>
  </testcase>
  <testcase classname="sgvpb_project.StockHistoryControllerSpec" name="Test that the show action returns the correct model" time="0.041" />
  <testcase classname="sgvpb_project.StockHistoryControllerSpec" name="Test that the edit action returns the correct model" time="0.038" />
  <testcase classname="sgvpb_project.StockHistoryControllerSpec" name="Test the update action performs an update on a valid domain instance" time="0.117">
    <failure message="Condition not satisfied:&#xa;&#xa;view == &apos;edit&apos;&#xa;|    |&#xa;null false&#xa;" type="junit.framework.AssertionFailedError">junit.framework.AssertionFailedError: Condition not satisfied:

view == &apos;edit&apos;
|    |
null false

	at sgvpb_project.StockHistoryControllerSpec.Test the update action performs an update on a valid domain instance(StockHistoryControllerSpec.groovy:112)
</failure>
  </testcase>
  <testcase classname="sgvpb_project.StockHistoryControllerSpec" name="Test that the delete action deletes an instance if it exists" time="0.087" />
  <system-out><![CDATA[--Output from Test the index action returns the correct model--
--Output from Test the create action returns the correct model--
--Output from Test the save action correctly persists an instance--
--Output from Test that the show action returns the correct model--
--Output from Test that the edit action returns the correct model--
--Output from Test the update action performs an update on a valid domain instance--
--Output from Test that the delete action deletes an instance if it exists--
]]></system-out>
  <system-err><![CDATA[--Output from Test the index action returns the correct model--
--Output from Test the create action returns the correct model--
--Output from Test the save action correctly persists an instance--
--Output from Test that the show action returns the correct model--
--Output from Test that the edit action returns the correct model--
--Output from Test the update action performs an update on a valid domain instance--
--Output from Test that the delete action deletes an instance if it exists--
]]></system-err>
</testsuite>
