<?xml version="1.0" encoding="UTF-8" ?>
<testsuite errors="2" failures="1" hostname="Lucas" name="sgvpb_project.StockControllerSpec" tests="7" time="0.605" timestamp="2014-10-14T19:25:39">
  <properties />
  <testcase classname="sgvpb_project.StockControllerSpec" name="Test the index action returns the correct model" time="0.252" />
  <testcase classname="sgvpb_project.StockControllerSpec" name="Test the create action returns the correct model" time="0.029" />
  <testcase classname="sgvpb_project.StockControllerSpec" name="Test the save action correctly persists an instance" time="0.108">
    <error message="Cannot redirect for object [sgvpb_project.Stock : (unsaved)] it is not a domain or has no identifier. Use an explicit redirect instead " type="org.codehaus.groovy.grails.web.servlet.mvc.exceptions.CannotRedirectException">org.codehaus.groovy.grails.web.servlet.mvc.exceptions.CannotRedirectException: Cannot redirect for object [sgvpb_project.Stock : (unsaved)] it is not a domain or has no identifier. Use an explicit redirect instead 
	at org.grails.plugins.web.rest.api.ControllersRestApi.redirect(ControllersRestApi.groovy:53)
	at sgvpb_project.StockController.tt__save_closure9_closure14(StockController.groovy:43)
	at sgvpb_project.StockController.$tt__save(StockController.groovy:40)
	at sgvpb_project.StockControllerSpec.Test the save action correctly persists an instance(StockControllerSpec.groovy:54)
</error>
  </testcase>
  <testcase classname="sgvpb_project.StockControllerSpec" name="Test that the show action returns the correct model" time="0.032" />
  <testcase classname="sgvpb_project.StockControllerSpec" name="Test that the edit action returns the correct model" time="0.039" />
  <testcase classname="sgvpb_project.StockControllerSpec" name="Test the update action performs an update on a valid domain instance" time="0.066">
    <error message="Cannot get property &apos;id&apos; on null object" type="java.lang.NullPointerException">java.lang.NullPointerException: Cannot get property &apos;id&apos; on null object
	at sgvpb_project.StockControllerSpec.Test the update action performs an update on a valid domain instance(StockControllerSpec.groovy:122)
</error>
  </testcase>
  <testcase classname="sgvpb_project.StockControllerSpec" name="Test that the delete action deletes an instance if it exists" time="0.048">
    <failure message="Condition not satisfied:&#xa;&#xa;Stock.count() == 1&#xa;      |       |&#xa;      0       false&#xa;" type="junit.framework.AssertionFailedError">junit.framework.AssertionFailedError: Condition not satisfied:

Stock.count() == 1
      |       |
      0       false

	at sgvpb_project.StockControllerSpec.Test that the delete action deletes an instance if it exists(StockControllerSpec.groovy:142)
</failure>
  </testcase>
  <system-out><![CDATA[--Output from Test the index action returns the correct model--
--Output from Test the create action returns the correct model--
--Output from Test the save action correctly persists an instance--
--Output from Test that the show action returns the correct model--
--Output from Test that the edit action returns the correct model--
--Output from Test the update action performs an update on a valid domain instance--
--Output from Test that the delete action deletes an instance if it exists--
]]></system-out>
  <system-err><![CDATA[--Output from Test the index action returns the correct model--
--Output from Test the create action returns the correct model--
--Output from Test the save action correctly persists an instance--
--Output from Test that the show action returns the correct model--
--Output from Test that the edit action returns the correct model--
--Output from Test the update action performs an update on a valid domain instance--
--Output from Test that the delete action deletes an instance if it exists--
]]></system-err>
</testsuite>
