<?xml version="1.0" encoding="UTF-8" ?>
<testsuite errors="2" failures="1" hostname="andrey-note" name="sgvpb_project.VendorControllerSpec" tests="7" time="1.675" timestamp="2014-09-07T20:36:00">
  <properties />
  <testcase classname="sgvpb_project.VendorControllerSpec" name="Test the index action returns the correct model" time="0.635" />
  <testcase classname="sgvpb_project.VendorControllerSpec" name="Test the create action returns the correct model" time="0.071" />
  <testcase classname="sgvpb_project.VendorControllerSpec" name="Test the save action correctly persists an instance" time="0.222">
    <error message="Cannot redirect for object [sgvpb_project.Colaborator : (unsaved)] it is not a domain or has no identifier. Use an explicit redirect instead " type="org.codehaus.groovy.grails.web.servlet.mvc.exceptions.CannotRedirectException">org.codehaus.groovy.grails.web.servlet.mvc.exceptions.CannotRedirectException: Cannot redirect for object [sgvpb_project.Colaborator : (unsaved)] it is not a domain or has no identifier. Use an explicit redirect instead 
	at org.grails.plugins.web.rest.api.ControllersRestApi.redirect(ControllersRestApi.groovy:53)
	at sgvpb_project.VendorController.tt__save_closure9_closure14(VendorController.groovy:43)
	at sgvpb_project.VendorController.$tt__save(VendorController.groovy:40)
	at sgvpb_project.VendorControllerSpec.Test the save action correctly persists an instance(VendorControllerSpec.groovy:54)
</error>
  </testcase>
  <testcase classname="sgvpb_project.VendorControllerSpec" name="Test that the show action returns the correct model" time="0.084" />
  <testcase classname="sgvpb_project.VendorControllerSpec" name="Test that the edit action returns the correct model" time="0.119" />
  <testcase classname="sgvpb_project.VendorControllerSpec" name="Test the update action performs an update on a valid domain instance" time="0.183">
    <error message="Cannot get property &apos;id&apos; on null object" type="java.lang.NullPointerException">java.lang.NullPointerException: Cannot get property &apos;id&apos; on null object
	at sgvpb_project.VendorControllerSpec.Test the update action performs an update on a valid domain instance(VendorControllerSpec.groovy:122)
</error>
  </testcase>
  <testcase classname="sgvpb_project.VendorControllerSpec" name="Test that the delete action deletes an instance if it exists" time="0.171">
    <failure message="Condition not satisfied:&#xa;&#xa;Vendor.count() == 1&#xa;       |       |&#xa;       0       false&#xa;" type="junit.framework.AssertionFailedError">junit.framework.AssertionFailedError: Condition not satisfied:

Vendor.count() == 1
       |       |
       0       false

	at sgvpb_project.VendorControllerSpec.Test that the delete action deletes an instance if it exists(VendorControllerSpec.groovy:142)
</failure>
  </testcase>
  <system-out><![CDATA[--Output from Test the index action returns the correct model--
--Output from Test the create action returns the correct model--
--Output from Test the save action correctly persists an instance--
--Output from Test that the show action returns the correct model--
--Output from Test that the edit action returns the correct model--
--Output from Test the update action performs an update on a valid domain instance--
--Output from Test that the delete action deletes an instance if it exists--
]]></system-out>
  <system-err><![CDATA[--Output from Test the index action returns the correct model--
--Output from Test the create action returns the correct model--
--Output from Test the save action correctly persists an instance--
--Output from Test that the show action returns the correct model--
--Output from Test that the edit action returns the correct model--
--Output from Test the update action performs an update on a valid domain instance--
--Output from Test that the delete action deletes an instance if it exists--
]]></system-err>
</testsuite>
